<?xml version="1.0" encoding="UTF-8" ?>
<testsuite errors="0" failures="0" name="org.skyinn.quasar.foo.service.UserServiceTest" tests="1" time="0.641">
  <properties>
[...]
</properties>
  <testcase classname="org.skyinn.quasar.foo.service.UserServiceTest" name="testCreateUser" time="0.601"></testcase>
  <system-out><![CDATA[Hibernate: insert into t_user (email, name, password) values (?, ?, ?)
Hibernate: select user0_.id as id, user0_.email as email, user0_.name as name, user0_.password as password from t_user user0_ where (user0_.name=? )
Hibernate: select user0_.id as id, user0_.email as email, user0_.name as name, user0_.password as password from t_user user0_ where (user0_.name=? )
]]></system-out>
  <system-err><![CDATA[]]></system-err>
</testsuite>
